Aug 23, 2021 11:46:27 AM org.ssglobal.training.codes.FunList enableDisplay
WARNING: custom Date is deprecated
Aug 23, 2021 11:48:29 AM org.ssglobal.training.codes.FunList enableDisplay
INFO: execute enableDisplay
Aug 23, 2021 11:48:29 AM org.ssglobal.training.codes.FunList enableDisplay
WARNING: custom Date is deprecated
Aug 23, 2021 11:48:29 AM org.ssglobal.training.codes.FunList showLines
INFO: execute showLines
Aug 23, 2021 11:48:29 AM org.ssglobal.training.codes.FunList showLines
INFO: exit without errors showLines
Aug 23, 2021 11:48:31 AM org.ssglobal.training.codes.FunList enableDisplay
INFO: execute enableDisplay
Aug 23, 2021 11:48:31 AM org.ssglobal.training.codes.FunList enableDisplay
WARNING: custom Date is deprecated
Aug 23, 2021 11:48:31 AM org.ssglobal.training.codes.FunList showLines
INFO: execute showLines
Aug 23, 2021 11:48:31 AM org.ssglobal.training.codes.FunList showLines
INFO: exit without errors showLines
Aug 23, 2021 11:48:32 AM org.ssglobal.training.codes.FunList enableDisplay
INFO: execute enableDisplay
Aug 23, 2021 11:48:32 AM org.ssglobal.training.codes.FunList enableDisplay
WARNING: custom Date is deprecated
Aug 23, 2021 11:48:32 AM org.ssglobal.training.codes.FunList showLines
INFO: execute showLines
Aug 23, 2021 11:48:32 AM org.ssglobal.training.codes.FunList showLines
INFO: exit without errors showLines
